c:\users\engels\documents\visual studio 2013\projects\2dfdtd cuda hexagons (vbo)\2dfdtd cuda hexagons (vbo)\x64\debug\vc120.pdb
c:\users\engels\documents\visual studio 2013\projects\2dfdtd cuda hexagons (vbo)\2dfdtd cuda hexagons (vbo)\x64\debug\vc120.idb
c:\users\engels\documents\visual studio 2013\projects\2dfdtd cuda hexagons (vbo)\2dfdtd cuda hexagons (vbo)\x64\debug\global.obj
c:\users\engels\documents\visual studio 2013\projects\2dfdtd cuda hexagons (vbo)\2dfdtd cuda hexagons (vbo)\x64\debug\graphics.obj
c:\users\engels\documents\visual studio 2013\projects\2dfdtd cuda hexagons (vbo)\2dfdtd cuda hexagons (vbo)\x64\debug\grid.obj
c:\users\engels\documents\visual studio 2013\projects\2dfdtd cuda hexagons (vbo)\2dfdtd cuda hexagons (vbo)\x64\debug\main.obj
c:\users\engels\documents\visual studio 2013\projects\2dfdtd cuda hexagons (vbo)\2dfdtd cuda hexagons (vbo)\x64\debug\source.obj
c:\users\engels\documents\visual studio 2013\projects\2dfdtd cuda hexagons (vbo)\x64\debug\2dfdtd cuda hexagons (vbo).ilk
c:\users\engels\documents\visual studio 2013\projects\2dfdtd cuda hexagons (vbo)\x64\debug\2dfdtd cuda hexagons (vbo).exe
c:\users\engels\documents\visual studio 2013\projects\2dfdtd cuda hexagons (vbo)\x64\debug\2dfdtd cuda hexagons (vbo).pdb
c:\users\engels\documents\visual studio 2013\projects\2dfdtd cuda hexagons (vbo)\2dfdtd cuda hexagons (vbo)\x64\debug\cuda-opengl_functions.cu.cache
c:\users\engels\documents\visual studio 2013\projects\2dfdtd cuda hexagons (vbo)\2dfdtd cuda hexagons (vbo)\x64\debug\cuda_functions.cu.cache
c:\users\engels\documents\visual studio 2013\projects\2dfdtd cuda hexagons (vbo)\2dfdtd cuda hexagons (vbo)\x64\debug\cuda-opengl_functions.cu.obj
c:\users\engels\documents\visual studio 2013\projects\2dfdtd cuda hexagons (vbo)\2dfdtd cuda hexagons (vbo)\x64\debug\cuda_functions.cu.obj
c:\users\engels\documents\visual studio 2013\projects\2dfdtd cuda hexagons (vbo)\2dfdtd cuda hexagons (vbo)\x64\debug\2dfdtd c.54811833.tlog\cl.command.1.tlog
c:\users\engels\documents\visual studio 2013\projects\2dfdtd cuda hexagons (vbo)\2dfdtd cuda hexagons (vbo)\x64\debug\2dfdtd c.54811833.tlog\cl.read.1.tlog
c:\users\engels\documents\visual studio 2013\projects\2dfdtd cuda hexagons (vbo)\2dfdtd cuda hexagons (vbo)\x64\debug\2dfdtd c.54811833.tlog\cl.write.1.tlog
c:\users\engels\documents\visual studio 2013\projects\2dfdtd cuda hexagons (vbo)\2dfdtd cuda hexagons (vbo)\x64\debug\2dfdtd c.54811833.tlog\link.command.1.tlog
c:\users\engels\documents\visual studio 2013\projects\2dfdtd cuda hexagons (vbo)\2dfdtd cuda hexagons (vbo)\x64\debug\2dfdtd c.54811833.tlog\link.read.1.tlog
c:\users\engels\documents\visual studio 2013\projects\2dfdtd cuda hexagons (vbo)\2dfdtd cuda hexagons (vbo)\x64\debug\2dfdtd c.54811833.tlog\link.write.1.tlog
